current directory: /home/develop/projects/railsgirls/.vendor/bundle/ruby/3.1.0/gems/nio4r-2.5.8/ext/nio4r
/opt/rbenv/versions/3.1.0/bin/ruby -I /opt/rbenv/versions/3.1.0/lib/ruby/3.1.0 -r ./siteconf20220116-48515-yhiaod.rb extconf.rb
checking for unistd.h... yes
checking for linux/aio_abi.h... yes
checking for linux/io_uring.h... yes
checking for sys/select.h... yes
checking for port_event_t in poll.h... no
checking for sys/epoll.h... yes
checking for sys/event.h... no
checking for port_event_t in port.h... no
checking for sys/resource.h... yes
creating Makefile

current directory: /home/develop/projects/railsgirls/.vendor/bundle/ruby/3.1.0/gems/nio4r-2.5.8/ext/nio4r
make DESTDIR\= clean

current directory: /home/develop/projects/railsgirls/.vendor/bundle/ruby/3.1.0/gems/nio4r-2.5.8/ext/nio4r
make DESTDIR\=
compiling bytebuffer.c
compiling monitor.c
compiling nio4r_ext.c
In file included from nio4r_ext.c:6:
../libev/ev.c:234:5: 警告: "EV_NO_THREADS" is not defined, evaluates to 0 [-Wundef]
 #if EV_NO_THREADS
     ^~~~~~~~~~~~~
../libev/ev.c:240:5: 警告: "EV_NO_SMP" is not defined, evaluates to 0 [-Wundef]
 #if EV_NO_SMP
     ^~~~~~~~~
In file included from nio4r_ext.c:6:
../libev/ev.c:573:48: 警告: コメント内に "/*" があります [-Wcomment]
 /*#define MIN_INTERVAL  0.00000095367431640625 /* 1/2**20, good till 2200 */
                                                 
../libev/ev.c:691:7: 警告: "__OPTIMIZE_SIZE__" is not defined, evaluates to 0 [-Wundef]
   #if __OPTIMIZE_SIZE__
       ^~~~~~~~~~~~~~~~~
../libev/ev.c:700:7: 警告: "_ILP32" is not defined, evaluates to 0 [-Wundef]
   #if _ILP32
       ^~~~~~
In file included from nio4r_ext.c:6:
../libev/ev.c:722:5: 警告: "__clang__" is not defined, evaluates to 0 [-Wundef]
 #if __clang__ && defined __has_builtin
     ^~~~~~~~~
../libev/ev.c:728:5: 警告: "__clang__" is not defined, evaluates to 0 [-Wundef]
 #if __clang__ && defined __has_extension
     ^~~~~~~~~
../libev/ev.c:734:20: 警告: "__cplusplus" is not defined, evaluates to 0 [-Wundef]
 #define ECB_CPP   (__cplusplus+0)
                    ^~~~~~~~~~~
../libev/ev.c:739:5: 備考: in expansion of macro ‘ECB_CPP’
 #if ECB_CPP
     ^~~~~~~
../libev/ev.c:734:20: 警告: "__cplusplus" is not defined, evaluates to 0 [-Wundef]
 #define ECB_CPP   (__cplusplus+0)
                    ^~~~~~~~~~~
../libev/ev.c:751:5: 備考: in expansion of macro ‘ECB_CPP’
 #if ECB_CPP
     ^~~~~~~
../libev/ev.c:766:5: 警告: "ECB_NO_THREADS" is not defined, evaluates to 0 [-Wundef]
 #if ECB_NO_THREADS
     ^~~~~~~~~~~~~~
../libev/ev.c:770:5: 警告: "ECB_NO_SMP" is not defined, evaluates to 0 [-Wundef]
 #if ECB_NO_SMP
     ^~~~~~~~~~
../libev/ev.c:775:5: 警告: "__xlC__" is not defined, evaluates to 0 [-Wundef]
 #if __xlC__ && ECB_CPP
     ^~~~~~~
../libev/ev.c:779:13: 警告: "_MSC_VER" is not defined, evaluates to 0 [-Wundef]
 #if 1400 <= _MSC_VER
             ^~~~~~~~
../libev/ev.c:786:9: 警告: "__i386" is not defined, evaluates to 0 [-Wundef]
     #if __i386 || __i386__
         ^~~~~~
../libev/ev.c:786:19: 警告: "__i386__" is not defined, evaluates to 0 [-Wundef]
     #if __i386 || __i386__
                   ^~~~~~~~
../libev/ev.c:734:20: 警告: "__cplusplus" is not defined, evaluates to 0 [-Wundef]
 #define ECB_CPP   (__cplusplus+0)
                    ^~~~~~~~~~~
../libev/ev.c:924:5: 備考: in expansion of macro ‘ECB_CPP’
 #if ECB_CPP
     ^~~~~~~
../libev/ev.c:735:20: 警告: "__cplusplus" is not defined, evaluates to 0 [-Wundef]
 #define ECB_CPP11 (__cplusplus >= 201103L)
                    ^~~~~~~~~~~
../libev/ev.c:981:5: 備考: in expansion of macro ‘ECB_CPP11’
 #if ECB_CPP11
     ^~~~~~~~~
../libev/ev.c:989:5: 警告: "_MSC_VER" is not defined, evaluates to 0 [-Wundef]
 #if _MSC_VER >= 1300
     ^~~~~~~~
../libev/ev.c:995:5: 警告: "_MSC_VER" is not defined, evaluates to 0 [-Wundef]
 #if _MSC_VER >= 1500
     ^~~~~~~~
../libev/ev.c:1003:5: 警告: "_MSC_VER" is not defined, evaluates to 0 [-Wundef]
 #if _MSC_VER >= 1400
     ^~~~~~~~
../libev/ev.c:734:20: 警告: "__cplusplus" is not defined, evaluates to 0 [-Wundef]
 #define ECB_CPP   (__cplusplus+0)
                    ^~~~~~~~~~~
../libev/ev.c:1213:5: 備考: in expansion of macro ‘ECB_CPP’
 #if ECB_CPP
     ^~~~~~~
../libev/ev.c:734:20: 警告: "__cplusplus" is not defined, evaluates to 0 [-Wundef]
 #define ECB_CPP   (__cplusplus+0)
                    ^~~~~~~~~~~
../libev/ev.c:1374:5: 備考: in expansion of macro ‘ECB_CPP’
 #if ECB_CPP
     ^~~~~~~
../libev/ev.c:734:20: 警告: "__cplusplus" is not defined, evaluates to 0 [-Wundef]
 #define ECB_CPP   (__cplusplus+0)
                    ^~~~~~~~~~~
../libev/ev.c:1409:5: 備考: in expansion of macro ‘ECB_CPP’
 #if ECB_CPP
     ^~~~~~~
../libev/ev.c:1425:5: 警告: "ecb_cplusplus_does_not_suck" is not defined, evaluates to 0 [-Wundef]
 #if ecb_cplusplus_does_not_suck
     ^~~~~~~~~~~~~~~~~~~~~~~~~~~
../libev/ev.c: 関数 ‘ecb_binary32_to_binary16’ 内:
../libev/ev.c:1510:13: 警告: comparison of integer expressions of different signedness: ‘unsigned int’ and ‘int’ [-Wsign-compare]
       if (e < (14 - 24)) /* might not be sharp, but is good enough */
             ^
../libev/ev.c: トップレベル:
../libev/ev.c:1540:8: 警告: "__i386" is not defined, evaluates to 0 [-Wundef]
     || __i386 || __i386__ \
        ^~~~~~
../libev/ev.c:1540:18: 警告: "__i386__" is not defined, evaluates to 0 [-Wundef]
     || __i386 || __i386__ \
                  ^~~~~~~~
../libev/ev.c:1746:5: 警告: "ECB_MEMORY_FENCE_NEEDS_PTHREADS" is not defined, evaluates to 0 [-Wundef]
 #if ECB_MEMORY_FENCE_NEEDS_PTHREADS
     ^~~~~~~~~~~~~~~~~~~~~~~~~~~~~~~
In file included from nio4r_ext.c:6:
../libev/ev.c:1976:5: 警告: "EV_AVOID_STDIO" is not defined, evaluates to 0 [-Wundef]
 #if EV_AVOID_STDIO
     ^~~~~~~~~~~~~~
../libev/ev.c: 関数 ‘ev_syserr’ 内:
../libev/ev.c:2005:5: 警告: "EV_AVOID_STDIO" is not defined, evaluates to 0 [-Wundef]
 #if EV_AVOID_STDIO
     ^~~~~~~~~~~~~~
../libev/ev.c: 関数 ‘ev_realloc’ 内:
../libev/ev.c:2050:5: 警告: "EV_AVOID_STDIO" is not defined, evaluates to 0 [-Wundef]
 #if EV_AVOID_STDIO
     ^~~~~~~~~~~~~~
../libev/ev.c: トップレベル:
../libev/ev.c:2080:5: 警告: "EV_SELECT_IS_WINSOCKET" is not defined, evaluates to 0 [-Wundef]
 #if EV_SELECT_IS_WINSOCKET || EV_USE_IOCP
     ^~~~~~~~~~~~~~~~~~~~~~
../libev/ev.c:2080:31: 警告: "EV_USE_IOCP" is not defined, evaluates to 0 [-Wundef]
 #if EV_SELECT_IS_WINSOCKET || EV_USE_IOCP
                               ^~~~~~~~~~~
../libev/ev.c:2083:5: 警告: "EV_USE_IOCP" is not defined, evaluates to 0 [-Wundef]
 #if EV_USE_IOCP
     ^~~~~~~~~~~
In file included from ../libev/ev.c:2130,
                 from nio4r_ext.c:6:
../libev/ev_vars.h:88:24: 警告: "EV_GENWRAP" is not defined, evaluates to 0 [-Wundef]
 #if defined(_WIN32) || EV_GENWRAP
                        ^~~~~~~~~~
../libev/ev_vars.h:150:22: 警告: "EV_GENWRAP" is not defined, evaluates to 0 [-Wundef]
 #if EV_USE_KQUEUE || EV_GENWRAP
                      ^~~~~~~~~~
../libev/ev_vars.h:159:20: 警告: "EV_GENWRAP" is not defined, evaluates to 0 [-Wundef]
 #if EV_USE_PORT || EV_GENWRAP
                    ^~~~~~~~~~
../libev/ev_vars.h:164:5: 警告: "EV_USE_IOCP" is not defined, evaluates to 0 [-Wundef]
 #if EV_USE_IOCP || EV_GENWRAP
     ^~~~~~~~~~~
../libev/ev_vars.h:164:20: 警告: "EV_GENWRAP" is not defined, evaluates to 0 [-Wundef]
 #if EV_USE_IOCP || EV_GENWRAP
                    ^~~~~~~~~~
In file included from nio4r_ext.c:6:
../libev/ev.c:2136:31: 警告: ‘ev_default_loop_ptr’ が初期化され、 ‘extern’ として宣言されています
   EV_API_DECL struct ev_loop *ev_default_loop_ptr = 0; /* needs to be initialised to make it a definition despite extern */
                               ^~~~~~~~~~~~~~~~~~~
../libev/ev.c: 関数 ‘array_nextsize’ 内:
../libev/ev.c:2249:19: 警告: comparison of integer expressions of different signedness: ‘int’ and ‘long unsigned int’ [-Wsign-compare]
   if (elem * ncur > MALLOC_ROUND - sizeof (void *) * 4)
                   ^
../libev/ev.c: 関数 ‘fd_reify’ 内:
../libev/ev.c:2402:5: 警告: "EV_SELECT_IS_WINSOCKET" is not defined, evaluates to 0 [-Wundef]
 #if EV_SELECT_IS_WINSOCKET || EV_USE_IOCP
     ^~~~~~~~~~~~~~~~~~~~~~
../libev/ev.c:2402:31: 警告: "EV_USE_IOCP" is not defined, evaluates to 0 [-Wundef]
 #if EV_SELECT_IS_WINSOCKET || EV_USE_IOCP
                               ^~~~~~~~~~~
../libev/ev.c: トップレベル:
../libev/ev.c:3073:5: 警告: "EV_USE_IOCP" is not defined, evaluates to 0 [-Wundef]
 #if EV_USE_IOCP
     ^~~~~~~~~~~
In file included from ../libev/ev.c:3086,
                 from nio4r_ext.c:6:
../libev/ev_linuxaio.c: 関数 ‘linuxaio_poll’ 内:
../libev/ev_linuxaio.c:467:10: 警告: ‘else’ が曖昧になることを避けるために明示的に中括弧で括ることを推奨します [-Wdangling-else]
       if (ecb_expect_false (res < 0))
          ^
In file included from ../libev/ev.c:3089,
                 from nio4r_ext.c:6:
../libev/ev_iouring.c: 関数 ‘iouring_sqe_submit’ 内:
../libev/ev_iouring.c:298:31: 警告: コメント内に "/*" があります [-Wcomment]
   /*ECB_MEMORY_FENCE_RELEASE; /* for the time being we assume this is not needed */
                                
../libev/ev_iouring.c: 関数 ‘iouring_internal_init’ 内:
../libev/ev_iouring.c:359:5: 警告: "TODO" is not defined, evaluates to 0 [-Wundef]
 #if TODO
     ^~~~
In file included from ../libev/ev.c:3095,
                 from nio4r_ext.c:6:
../libev/ev_select.c: トップレベル:
../libev/ev_select.c:57:5: 警告: "EV_SELECT_IS_WINSOCKET" is not defined, evaluates to 0 [-Wundef]
 #if EV_SELECT_IS_WINSOCKET
     ^~~~~~~~~~~~~~~~~~~~~~
../libev/ev_select.c: 関数 ‘select_poll’ 内:
../libev/ev_select.c:176:11: 警告: "EV_SELECT_IS_WINSOCKET" is not defined, evaluates to 0 [-Wundef]
       #if EV_SELECT_IS_WINSOCKET
           ^~~~~~~~~~~~~~~~~~~~~~
In file included from nio4r_ext.c:6:
../libev/ev.c: 関数 ‘loop_init’ 内:
../libev/ev.c:3318:5: 警告: "EV_USE_IOCP" is not defined, evaluates to 0 [-Wundef]
 #if EV_USE_IOCP
     ^~~~~~~~~~~
../libev/ev.c: 関数 ‘ev_loop_destroy’ 内:
../libev/ev.c:3409:5: 警告: "EV_USE_IOCP" is not defined, evaluates to 0 [-Wundef]
 #if EV_USE_IOCP
     ^~~~~~~~~~~
../libev/ev.c: 関数 ‘ev_io_start’ 内:
../libev/ev.c:4417:34: 警告: ‘|’ の被演算子内にある計算の周りに小括弧を付けることを推奨します [-Wparentheses]
   fd_change (EV_A_ fd, w->events & EV__IOFDSET | EV_ANFD_REIFY);
                        ~~~~~~~~~~^~~~~~~~~~~~~
../libev/ev.c: トップレベル:
../libev/ev.c:5682:27: 警告: コメント内に "/*" があります [-Wcomment]
 /* EV_STAT     0x00001000 /* stat data changed */
                            
../libev/ev.c:5683:27: 警告: コメント内に "/*" があります [-Wcomment]
 /* EV_EMBED    0x00010000 /* embedded event loop needs sweep */
                            
cc1: 警告: 認識できないコマンドラインオプション ‘-Wno-self-assign’ です
cc1: 警告: 認識できないコマンドラインオプション ‘-Wno-parentheses-equality’ です
cc1: 警告: 認識できないコマンドラインオプション ‘-Wno-constant-logical-operand’ です
compiling selector.c
selector.c: 関数 ‘NIO_Selector_synchronize’ 内:
selector.c:301:26: 警告: 互換性のないポインタ型から 1 番目の ‘rb_ensure’ の引数に渡しています [-Wincompatible-pointer-types]
         return rb_ensure(func, (VALUE)args, NIO_Selector_unlock, self);
                          ^~~~
In file included from /opt/rbenv/versions/3.1.0/include/ruby-3.1.0/ruby/ruby.h:40,
                 from /opt/rbenv/versions/3.1.0/include/ruby-3.1.0/ruby.h:38,
                 from nio4r.h:10,
                 from selector.c:6:
/opt/rbenv/versions/3.1.0/include/ruby-3.1.0/ruby/internal/iterator.h:425:25: 備考: expected ‘VALUE (*)(VALUE)’ {aka ‘long unsigned int (*)(long unsigned int)’} but argument is of type ‘VALUE (*)(VALUE *)’ {aka ‘long unsigned int (*)(long unsigned int *)’}
 VALUE rb_ensure(VALUE (*b_proc)(VALUE), VALUE data1, VALUE (*e_proc)(VALUE), VALUE data2);
                 ~~~~~~~~^~~~~~~~~~~~~~
selector.c: トップレベル:
cc1: 警告: 認識できないコマンドラインオプション ‘-Wno-self-assign’ です
cc1: 警告: 認識できないコマンドラインオプション ‘-Wno-parentheses-equality’ です
cc1: 警告: 認識できないコマンドラインオプション ‘-Wno-constant-logical-operand’ です
linking shared-object nio4r_ext.so

current directory: /home/develop/projects/railsgirls/.vendor/bundle/ruby/3.1.0/gems/nio4r-2.5.8/ext/nio4r
make DESTDIR\= install
/usr/bin/install -c -m 0755 nio4r_ext.so ./.gem.20220116-48515-i6tw7m
