have_header: checking for unistd.h... -------------------- yes

LD_LIBRARY_PATH=.:/opt/rbenv/versions/3.1.0/lib "gcc -o conftest -I/opt/rbenv/versions/3.1.0/include/ruby-3.1.0/x86_64-linux -I/opt/rbenv/versions/3.1.0/include/ruby-3.1.0/ruby/backward -I/opt/rbenv/versions/3.1.0/include/ruby-3.1.0 -I. -I/opt/rbenv/versions/3.1.0/include    -O3 -fno-fast-math -ggdb3 -Wall -Wextra -Wdeprecated-declarations -Wduplicated-cond -Wimplicit-function-declaration -Wimplicit-int -Wmisleading-indentation -Wpointer-arith -Wwrite-strings -Wimplicit-fallthrough=0 -Wmissing-noreturn -Wno-cast-function-type -Wno-constant-logical-operand -Wno-long-long -Wno-missing-field-initializers -Wno-overlength-strings -Wno-packed-bitfield-compat -Wno-parentheses-equality -Wno-self-assign -Wno-tautological-compare -Wno-unused-parameter -Wno-unused-value -Wsuggest-attribute=format -Wsuggest-attribute=noreturn -Wunused-variable -Wundef  -fPIC conftest.c  -L. -L/opt/rbenv/versions/3.1.0/lib -Wl,-rpath,/opt/rbenv/versions/3.1.0/lib -L. -L/opt/rbenv/versions/3.1.0/lib  -fstack-protector-strong -rdynamic -Wl,-export-dynamic -Wl,--no-as-needed     -Wl,-rpath,/opt/rbenv/versions/3.1.0/lib -L/opt/rbenv/versions/3.1.0/lib -lruby  -lm  -lc"
checked program was:
/* begin */
1: #include "ruby.h"
2: 
3: int main(int argc, char **argv)
4: {
5:   return !!argv[argc];
6: }
/* end */

LD_LIBRARY_PATH=.:/opt/rbenv/versions/3.1.0/lib "gcc -I/opt/rbenv/versions/3.1.0/include/ruby-3.1.0/x86_64-linux -I/opt/rbenv/versions/3.1.0/include/ruby-3.1.0/ruby/backward -I/opt/rbenv/versions/3.1.0/include/ruby-3.1.0 -I. -I/opt/rbenv/versions/3.1.0/include    -O3 -fno-fast-math -ggdb3 -Wall -Wextra -Wdeprecated-declarations -Wduplicated-cond -Wimplicit-function-declaration -Wimplicit-int -Wmisleading-indentation -Wpointer-arith -Wwrite-strings -Wimplicit-fallthrough=0 -Wmissing-noreturn -Wno-cast-function-type -Wno-constant-logical-operand -Wno-long-long -Wno-missing-field-initializers -Wno-overlength-strings -Wno-packed-bitfield-compat -Wno-parentheses-equality -Wno-self-assign -Wno-tautological-compare -Wno-unused-parameter -Wno-unused-value -Wsuggest-attribute=format -Wsuggest-attribute=noreturn -Wunused-variable -Wundef  -fPIC   -c conftest.c"
checked program was:
/* begin */
1: #include "ruby.h"
2: 
3: #include <unistd.h>
/* end */

--------------------

have_header: checking for linux/aio_abi.h... -------------------- yes

LD_LIBRARY_PATH=.:/opt/rbenv/versions/3.1.0/lib "gcc -I/opt/rbenv/versions/3.1.0/include/ruby-3.1.0/x86_64-linux -I/opt/rbenv/versions/3.1.0/include/ruby-3.1.0/ruby/backward -I/opt/rbenv/versions/3.1.0/include/ruby-3.1.0 -I. -I/opt/rbenv/versions/3.1.0/include    -O3 -fno-fast-math -ggdb3 -Wall -Wextra -Wdeprecated-declarations -Wduplicated-cond -Wimplicit-function-declaration -Wimplicit-int -Wmisleading-indentation -Wpointer-arith -Wwrite-strings -Wimplicit-fallthrough=0 -Wmissing-noreturn -Wno-cast-function-type -Wno-constant-logical-operand -Wno-long-long -Wno-missing-field-initializers -Wno-overlength-strings -Wno-packed-bitfield-compat -Wno-parentheses-equality -Wno-self-assign -Wno-tautological-compare -Wno-unused-parameter -Wno-unused-value -Wsuggest-attribute=format -Wsuggest-attribute=noreturn -Wunused-variable -Wundef  -fPIC   -c conftest.c"
checked program was:
/* begin */
1: #include "ruby.h"
2: 
3: #include <linux/aio_abi.h>
/* end */

--------------------

have_header: checking for linux/io_uring.h... -------------------- yes

LD_LIBRARY_PATH=.:/opt/rbenv/versions/3.1.0/lib "gcc -I/opt/rbenv/versions/3.1.0/include/ruby-3.1.0/x86_64-linux -I/opt/rbenv/versions/3.1.0/include/ruby-3.1.0/ruby/backward -I/opt/rbenv/versions/3.1.0/include/ruby-3.1.0 -I. -I/opt/rbenv/versions/3.1.0/include    -O3 -fno-fast-math -ggdb3 -Wall -Wextra -Wdeprecated-declarations -Wduplicated-cond -Wimplicit-function-declaration -Wimplicit-int -Wmisleading-indentation -Wpointer-arith -Wwrite-strings -Wimplicit-fallthrough=0 -Wmissing-noreturn -Wno-cast-function-type -Wno-constant-logical-operand -Wno-long-long -Wno-missing-field-initializers -Wno-overlength-strings -Wno-packed-bitfield-compat -Wno-parentheses-equality -Wno-self-assign -Wno-tautological-compare -Wno-unused-parameter -Wno-unused-value -Wsuggest-attribute=format -Wsuggest-attribute=noreturn -Wunused-variable -Wundef  -fPIC   -c conftest.c"
checked program was:
/* begin */
1: #include "ruby.h"
2: 
3: #include <linux/io_uring.h>
/* end */

--------------------

have_header: checking for sys/select.h... -------------------- yes

LD_LIBRARY_PATH=.:/opt/rbenv/versions/3.1.0/lib "gcc -I/opt/rbenv/versions/3.1.0/include/ruby-3.1.0/x86_64-linux -I/opt/rbenv/versions/3.1.0/include/ruby-3.1.0/ruby/backward -I/opt/rbenv/versions/3.1.0/include/ruby-3.1.0 -I. -I/opt/rbenv/versions/3.1.0/include    -O3 -fno-fast-math -ggdb3 -Wall -Wextra -Wdeprecated-declarations -Wduplicated-cond -Wimplicit-function-declaration -Wimplicit-int -Wmisleading-indentation -Wpointer-arith -Wwrite-strings -Wimplicit-fallthrough=0 -Wmissing-noreturn -Wno-cast-function-type -Wno-constant-logical-operand -Wno-long-long -Wno-missing-field-initializers -Wno-overlength-strings -Wno-packed-bitfield-compat -Wno-parentheses-equality -Wno-self-assign -Wno-tautological-compare -Wno-unused-parameter -Wno-unused-value -Wsuggest-attribute=format -Wsuggest-attribute=noreturn -Wunused-variable -Wundef  -fPIC   -c conftest.c"
checked program was:
/* begin */
1: #include "ruby.h"
2: 
3: #include <sys/select.h>
/* end */

--------------------

have_type: checking for port_event_t in poll.h... -------------------- no

LD_LIBRARY_PATH=.:/opt/rbenv/versions/3.1.0/lib "gcc -I/opt/rbenv/versions/3.1.0/include/ruby-3.1.0/x86_64-linux -I/opt/rbenv/versions/3.1.0/include/ruby-3.1.0/ruby/backward -I/opt/rbenv/versions/3.1.0/include/ruby-3.1.0 -I. -I/opt/rbenv/versions/3.1.0/include    -O3 -fno-fast-math -ggdb3 -Wall -Wextra -Wdeprecated-declarations -Wduplicated-cond -Wimplicit-function-declaration -Wimplicit-int -Wmisleading-indentation -Wpointer-arith -Wwrite-strings -Wimplicit-fallthrough=0 -Wmissing-noreturn -Wno-cast-function-type -Wno-constant-logical-operand -Wno-long-long -Wno-missing-field-initializers -Wno-overlength-strings -Wno-packed-bitfield-compat -Wno-parentheses-equality -Wno-self-assign -Wno-tautological-compare -Wno-unused-parameter -Wno-unused-value -Wsuggest-attribute=format -Wsuggest-attribute=noreturn -Wunused-variable -Wundef  -fPIC   -c conftest.c"
conftest.c:6:9: エラー: 不明な型名 ‘port_event_t’ です
 typedef port_event_t conftest_type;
         ^~~~~~~~~~~~
cc1: 警告: 認識できないコマンドラインオプション ‘-Wno-self-assign’ です
cc1: 警告: 認識できないコマンドラインオプション ‘-Wno-parentheses-equality’ です
cc1: 警告: 認識できないコマンドラインオプション ‘-Wno-constant-logical-operand’ です
checked program was:
/* begin */
1: #include "ruby.h"
2: 
3: #include <poll.h>
4: 
5: /*top*/
6: typedef port_event_t conftest_type;
7: int conftestval[sizeof(conftest_type)?1:-1];
/* end */

--------------------

have_header: checking for sys/epoll.h... -------------------- yes

LD_LIBRARY_PATH=.:/opt/rbenv/versions/3.1.0/lib "gcc -I/opt/rbenv/versions/3.1.0/include/ruby-3.1.0/x86_64-linux -I/opt/rbenv/versions/3.1.0/include/ruby-3.1.0/ruby/backward -I/opt/rbenv/versions/3.1.0/include/ruby-3.1.0 -I. -I/opt/rbenv/versions/3.1.0/include    -O3 -fno-fast-math -ggdb3 -Wall -Wextra -Wdeprecated-declarations -Wduplicated-cond -Wimplicit-function-declaration -Wimplicit-int -Wmisleading-indentation -Wpointer-arith -Wwrite-strings -Wimplicit-fallthrough=0 -Wmissing-noreturn -Wno-cast-function-type -Wno-constant-logical-operand -Wno-long-long -Wno-missing-field-initializers -Wno-overlength-strings -Wno-packed-bitfield-compat -Wno-parentheses-equality -Wno-self-assign -Wno-tautological-compare -Wno-unused-parameter -Wno-unused-value -Wsuggest-attribute=format -Wsuggest-attribute=noreturn -Wunused-variable -Wundef  -fPIC   -c conftest.c"
checked program was:
/* begin */
1: #include "ruby.h"
2: 
3: #include <sys/epoll.h>
/* end */

--------------------

have_header: checking for sys/event.h... -------------------- no

LD_LIBRARY_PATH=.:/opt/rbenv/versions/3.1.0/lib "gcc -I/opt/rbenv/versions/3.1.0/include/ruby-3.1.0/x86_64-linux -I/opt/rbenv/versions/3.1.0/include/ruby-3.1.0/ruby/backward -I/opt/rbenv/versions/3.1.0/include/ruby-3.1.0 -I. -I/opt/rbenv/versions/3.1.0/include    -O3 -fno-fast-math -ggdb3 -Wall -Wextra -Wdeprecated-declarations -Wduplicated-cond -Wimplicit-function-declaration -Wimplicit-int -Wmisleading-indentation -Wpointer-arith -Wwrite-strings -Wimplicit-fallthrough=0 -Wmissing-noreturn -Wno-cast-function-type -Wno-constant-logical-operand -Wno-long-long -Wno-missing-field-initializers -Wno-overlength-strings -Wno-packed-bitfield-compat -Wno-parentheses-equality -Wno-self-assign -Wno-tautological-compare -Wno-unused-parameter -Wno-unused-value -Wsuggest-attribute=format -Wsuggest-attribute=noreturn -Wunused-variable -Wundef  -fPIC   -c conftest.c"
conftest.c:3:10: 致命的エラー: sys/event.h: そのようなファイルやディレクトリはありません
 #include <sys/event.h>
          ^~~~~~~~~~~~~
コンパイルを停止しました。
checked program was:
/* begin */
1: #include "ruby.h"
2: 
3: #include <sys/event.h>
/* end */

--------------------

have_type: checking for port_event_t in port.h... -------------------- no

LD_LIBRARY_PATH=.:/opt/rbenv/versions/3.1.0/lib "gcc -I/opt/rbenv/versions/3.1.0/include/ruby-3.1.0/x86_64-linux -I/opt/rbenv/versions/3.1.0/include/ruby-3.1.0/ruby/backward -I/opt/rbenv/versions/3.1.0/include/ruby-3.1.0 -I. -I/opt/rbenv/versions/3.1.0/include    -O3 -fno-fast-math -ggdb3 -Wall -Wextra -Wdeprecated-declarations -Wduplicated-cond -Wimplicit-function-declaration -Wimplicit-int -Wmisleading-indentation -Wpointer-arith -Wwrite-strings -Wimplicit-fallthrough=0 -Wmissing-noreturn -Wno-cast-function-type -Wno-constant-logical-operand -Wno-long-long -Wno-missing-field-initializers -Wno-overlength-strings -Wno-packed-bitfield-compat -Wno-parentheses-equality -Wno-self-assign -Wno-tautological-compare -Wno-unused-parameter -Wno-unused-value -Wsuggest-attribute=format -Wsuggest-attribute=noreturn -Wunused-variable -Wundef  -fPIC   -c conftest.c"
conftest.c:3:10: 致命的エラー: port.h: そのようなファイルやディレクトリはありません
 #include <port.h>
          ^~~~~~~~
コンパイルを停止しました。
checked program was:
/* begin */
1: #include "ruby.h"
2: 
3: #include <port.h>
4: 
5: /*top*/
6: typedef port_event_t conftest_type;
7: int conftestval[sizeof(conftest_type)?1:-1];
/* end */

--------------------

have_header: checking for sys/resource.h... -------------------- yes

LD_LIBRARY_PATH=.:/opt/rbenv/versions/3.1.0/lib "gcc -I/opt/rbenv/versions/3.1.0/include/ruby-3.1.0/x86_64-linux -I/opt/rbenv/versions/3.1.0/include/ruby-3.1.0/ruby/backward -I/opt/rbenv/versions/3.1.0/include/ruby-3.1.0 -I. -I/opt/rbenv/versions/3.1.0/include    -O3 -fno-fast-math -ggdb3 -Wall -Wextra -Wdeprecated-declarations -Wduplicated-cond -Wimplicit-function-declaration -Wimplicit-int -Wmisleading-indentation -Wpointer-arith -Wwrite-strings -Wimplicit-fallthrough=0 -Wmissing-noreturn -Wno-cast-function-type -Wno-constant-logical-operand -Wno-long-long -Wno-missing-field-initializers -Wno-overlength-strings -Wno-packed-bitfield-compat -Wno-parentheses-equality -Wno-self-assign -Wno-tautological-compare -Wno-unused-parameter -Wno-unused-value -Wsuggest-attribute=format -Wsuggest-attribute=noreturn -Wunused-variable -Wundef  -fPIC   -c conftest.c"
checked program was:
/* begin */
1: #include "ruby.h"
2: 
3: #include <sys/resource.h>
/* end */

--------------------

