LD_LIBRARY_PATH=.:/opt/rbenv/versions/3.1.0/lib pkg-config --exists openssl
LD_LIBRARY_PATH=.:/opt/rbenv/versions/3.1.0/lib pkg-config --libs openssl |
=> "-lssl -lcrypto \n"
LD_LIBRARY_PATH=.:/opt/rbenv/versions/3.1.0/lib "gcc -o conftest -I/opt/rbenv/versions/3.1.0/include/ruby-3.1.0/x86_64-linux -I/opt/rbenv/versions/3.1.0/include/ruby-3.1.0/ruby/backward -I/opt/rbenv/versions/3.1.0/include/ruby-3.1.0 -I. -I/opt/rbenv/versions/3.1.0/include    -O3 -fno-fast-math -ggdb3 -Wall -Wextra -Wdeprecated-declarations -Wduplicated-cond -Wimplicit-function-declaration -Wimplicit-int -Wmisleading-indentation -Wpointer-arith -Wwrite-strings -Wimplicit-fallthrough=0 -Wmissing-noreturn -Wno-cast-function-type -Wno-constant-logical-operand -Wno-long-long -Wno-missing-field-initializers -Wno-overlength-strings -Wno-packed-bitfield-compat -Wno-parentheses-equality -Wno-self-assign -Wno-tautological-compare -Wno-unused-parameter -Wno-unused-value -Wsuggest-attribute=format -Wsuggest-attribute=noreturn -Wunused-variable -Wundef  -fPIC conftest.c  -L. -L/opt/rbenv/versions/3.1.0/lib -Wl,-rpath,/opt/rbenv/versions/3.1.0/lib -L. -L/opt/rbenv/versions/3.1.0/lib  -fstack-protector-strong -rdynamic -Wl,-export-dynamic -Wl,--no-as-needed     -Wl,-rpath,/opt/rbenv/versions/3.1.0/lib -L/opt/rbenv/versions/3.1.0/lib -lruby  -lm  -lc"
checked program was:
/* begin */
1: #include "ruby.h"
2: 
3: int main(int argc, char **argv)
4: {
5:   return !!argv[argc];
6: }
/* end */

LD_LIBRARY_PATH=.:/opt/rbenv/versions/3.1.0/lib "gcc -o conftest -I/opt/rbenv/versions/3.1.0/include/ruby-3.1.0/x86_64-linux -I/opt/rbenv/versions/3.1.0/include/ruby-3.1.0/ruby/backward -I/opt/rbenv/versions/3.1.0/include/ruby-3.1.0 -I. -I/opt/rbenv/versions/3.1.0/include    -O3 -fno-fast-math -ggdb3 -Wall -Wextra -Wdeprecated-declarations -Wduplicated-cond -Wimplicit-function-declaration -Wimplicit-int -Wmisleading-indentation -Wpointer-arith -Wwrite-strings -Wimplicit-fallthrough=0 -Wmissing-noreturn -Wno-cast-function-type -Wno-constant-logical-operand -Wno-long-long -Wno-missing-field-initializers -Wno-overlength-strings -Wno-packed-bitfield-compat -Wno-parentheses-equality -Wno-self-assign -Wno-tautological-compare -Wno-unused-parameter -Wno-unused-value -Wsuggest-attribute=format -Wsuggest-attribute=noreturn -Wunused-variable -Wundef  -fPIC conftest.c  -L. -L/opt/rbenv/versions/3.1.0/lib -Wl,-rpath,/opt/rbenv/versions/3.1.0/lib -L. -L/opt/rbenv/versions/3.1.0/lib  -fstack-protector-strong -rdynamic -Wl,-export-dynamic -Wl,--no-as-needed     -Wl,-rpath,/opt/rbenv/versions/3.1.0/lib -L/opt/rbenv/versions/3.1.0/lib -lruby -lssl -lcrypto -lm  -lc"
checked program was:
/* begin */
1: #include "ruby.h"
2: 
3: int main(int argc, char **argv)
4: {
5:   return !!argv[argc];
6: }
/* end */

LD_LIBRARY_PATH=.:/opt/rbenv/versions/3.1.0/lib pkg-config --cflags-only-I openssl |
=> "\n"
LD_LIBRARY_PATH=.:/opt/rbenv/versions/3.1.0/lib pkg-config --cflags-only-other openssl |
=> "\n"
LD_LIBRARY_PATH=.:/opt/rbenv/versions/3.1.0/lib pkg-config --libs-only-l openssl |
=> "-lssl -lcrypto \n"
package configuration for openssl
incflags: 
cflags: 
ldflags: 
libs: -lssl -lcrypto

have_header: checking for openssl/bio.h... -------------------- yes

LD_LIBRARY_PATH=.:/opt/rbenv/versions/3.1.0/lib "gcc -I/opt/rbenv/versions/3.1.0/include/ruby-3.1.0/x86_64-linux -I/opt/rbenv/versions/3.1.0/include/ruby-3.1.0/ruby/backward -I/opt/rbenv/versions/3.1.0/include/ruby-3.1.0 -I.  -I/opt/rbenv/versions/3.1.0/include    -O3 -fno-fast-math -ggdb3 -Wall -Wextra -Wdeprecated-declarations -Wduplicated-cond -Wimplicit-function-declaration -Wimplicit-int -Wmisleading-indentation -Wpointer-arith -Wwrite-strings -Wimplicit-fallthrough=0 -Wmissing-noreturn -Wno-cast-function-type -Wno-constant-logical-operand -Wno-long-long -Wno-missing-field-initializers -Wno-overlength-strings -Wno-packed-bitfield-compat -Wno-parentheses-equality -Wno-self-assign -Wno-tautological-compare -Wno-unused-parameter -Wno-unused-value -Wsuggest-attribute=format -Wsuggest-attribute=noreturn -Wunused-variable -Wundef  -fPIC    -c conftest.c"
checked program was:
/* begin */
1: #include "ruby.h"
2: 
3: #include <openssl/bio.h>
/* end */

--------------------

have_func: checking for DTLS_method() in openssl/ssl.h... -------------------- yes

LD_LIBRARY_PATH=.:/opt/rbenv/versions/3.1.0/lib "gcc -o conftest -I/opt/rbenv/versions/3.1.0/include/ruby-3.1.0/x86_64-linux -I/opt/rbenv/versions/3.1.0/include/ruby-3.1.0/ruby/backward -I/opt/rbenv/versions/3.1.0/include/ruby-3.1.0 -I.  -I/opt/rbenv/versions/3.1.0/include    -O3 -fno-fast-math -ggdb3 -Wall -Wextra -Wdeprecated-declarations -Wduplicated-cond -Wimplicit-function-declaration -Wimplicit-int -Wmisleading-indentation -Wpointer-arith -Wwrite-strings -Wimplicit-fallthrough=0 -Wmissing-noreturn -Wno-cast-function-type -Wno-constant-logical-operand -Wno-long-long -Wno-missing-field-initializers -Wno-overlength-strings -Wno-packed-bitfield-compat -Wno-parentheses-equality -Wno-self-assign -Wno-tautological-compare -Wno-unused-parameter -Wno-unused-value -Wsuggest-attribute=format -Wsuggest-attribute=noreturn -Wunused-variable -Wundef  -fPIC  conftest.c  -L. -L/opt/rbenv/versions/3.1.0/lib -Wl,-rpath,/opt/rbenv/versions/3.1.0/lib -L. -L/opt/rbenv/versions/3.1.0/lib  -fstack-protector-strong -rdynamic -Wl,-export-dynamic -Wl,--no-as-needed      -lssl -lcrypto -Wl,-rpath,/opt/rbenv/versions/3.1.0/lib -L/opt/rbenv/versions/3.1.0/lib -lruby  -lssl -lcrypto -lm  -lc"
checked program was:
/* begin */
 1: #include "ruby.h"
 2: 
 3: #include <openssl/ssl.h>
 4: 
 5: /*top*/
 6: extern int t(void);
 7: int main(int argc, char **argv)
 8: {
 9:   if (argc > 1000000) {
10:     int (* volatile tp)(void)=(int (*)(void))&t;
11:     printf("%d", (*tp)());
12:   }
13: 
14:   return !!argv[argc];
15: }
16: int t(void) { void ((*volatile p)()); p = (void ((*)()))DTLS_method; return !p; }
/* end */

--------------------

have_func: checking for TLS_server_method() in openssl/ssl.h... -------------------- yes

LD_LIBRARY_PATH=.:/opt/rbenv/versions/3.1.0/lib "gcc -o conftest -I/opt/rbenv/versions/3.1.0/include/ruby-3.1.0/x86_64-linux -I/opt/rbenv/versions/3.1.0/include/ruby-3.1.0/ruby/backward -I/opt/rbenv/versions/3.1.0/include/ruby-3.1.0 -I.  -I/opt/rbenv/versions/3.1.0/include    -O3 -fno-fast-math -ggdb3 -Wall -Wextra -Wdeprecated-declarations -Wduplicated-cond -Wimplicit-function-declaration -Wimplicit-int -Wmisleading-indentation -Wpointer-arith -Wwrite-strings -Wimplicit-fallthrough=0 -Wmissing-noreturn -Wno-cast-function-type -Wno-constant-logical-operand -Wno-long-long -Wno-missing-field-initializers -Wno-overlength-strings -Wno-packed-bitfield-compat -Wno-parentheses-equality -Wno-self-assign -Wno-tautological-compare -Wno-unused-parameter -Wno-unused-value -Wsuggest-attribute=format -Wsuggest-attribute=noreturn -Wunused-variable -Wundef  -fPIC  conftest.c  -L. -L/opt/rbenv/versions/3.1.0/lib -Wl,-rpath,/opt/rbenv/versions/3.1.0/lib -L. -L/opt/rbenv/versions/3.1.0/lib  -fstack-protector-strong -rdynamic -Wl,-export-dynamic -Wl,--no-as-needed      -lssl -lcrypto -Wl,-rpath,/opt/rbenv/versions/3.1.0/lib -L/opt/rbenv/versions/3.1.0/lib -lruby  -lssl -lcrypto -lm  -lc"
checked program was:
/* begin */
 1: #include "ruby.h"
 2: 
 3: #include <openssl/ssl.h>
 4: 
 5: /*top*/
 6: extern int t(void);
 7: int main(int argc, char **argv)
 8: {
 9:   if (argc > 1000000) {
10:     int (* volatile tp)(void)=(int (*)(void))&t;
11:     printf("%d", (*tp)());
12:   }
13: 
14:   return !!argv[argc];
15: }
16: int t(void) { void ((*volatile p)()); p = (void ((*)()))TLS_server_method; return !p; }
/* end */

--------------------

have_func: checking for SSL_CTX_set_min_proto_version(NULL, 0) in openssl/ssl.h... -------------------- yes

LD_LIBRARY_PATH=.:/opt/rbenv/versions/3.1.0/lib "gcc -o conftest -I/opt/rbenv/versions/3.1.0/include/ruby-3.1.0/x86_64-linux -I/opt/rbenv/versions/3.1.0/include/ruby-3.1.0/ruby/backward -I/opt/rbenv/versions/3.1.0/include/ruby-3.1.0 -I.  -I/opt/rbenv/versions/3.1.0/include    -O3 -fno-fast-math -ggdb3 -Wall -Wextra -Wdeprecated-declarations -Wduplicated-cond -Wimplicit-function-declaration -Wimplicit-int -Wmisleading-indentation -Wpointer-arith -Wwrite-strings -Wimplicit-fallthrough=0 -Wmissing-noreturn -Wno-cast-function-type -Wno-constant-logical-operand -Wno-long-long -Wno-missing-field-initializers -Wno-overlength-strings -Wno-packed-bitfield-compat -Wno-parentheses-equality -Wno-self-assign -Wno-tautological-compare -Wno-unused-parameter -Wno-unused-value -Wsuggest-attribute=format -Wsuggest-attribute=noreturn -Wunused-variable -Wundef  -fPIC  conftest.c  -L. -L/opt/rbenv/versions/3.1.0/lib -Wl,-rpath,/opt/rbenv/versions/3.1.0/lib -L. -L/opt/rbenv/versions/3.1.0/lib  -fstack-protector-strong -rdynamic -Wl,-export-dynamic -Wl,--no-as-needed      -lssl -lcrypto -Wl,-rpath,/opt/rbenv/versions/3.1.0/lib -L/opt/rbenv/versions/3.1.0/lib -lruby  -lssl -lcrypto -lm  -lc"
checked program was:
/* begin */
 1: #include "ruby.h"
 2: 
 3: #include <openssl/ssl.h>
 4: 
 5: /*top*/
 6: extern int t(void);
 7: int main(int argc, char **argv)
 8: {
 9:   if (argc > 1000000) {
10:     int (* volatile tp)(void)=(int (*)(void))&t;
11:     printf("%d", (*tp)());
12:   }
13: 
14:   return !!argv[argc];
15: }
16: 
17: int t(void) { SSL_CTX_set_min_proto_version(NULL, 0); return 0; }
/* end */

--------------------

have_func: checking for X509_STORE_up_ref()... -------------------- yes

LD_LIBRARY_PATH=.:/opt/rbenv/versions/3.1.0/lib "gcc -o conftest -I/opt/rbenv/versions/3.1.0/include/ruby-3.1.0/x86_64-linux -I/opt/rbenv/versions/3.1.0/include/ruby-3.1.0/ruby/backward -I/opt/rbenv/versions/3.1.0/include/ruby-3.1.0 -I.  -I/opt/rbenv/versions/3.1.0/include    -O3 -fno-fast-math -ggdb3 -Wall -Wextra -Wdeprecated-declarations -Wduplicated-cond -Wimplicit-function-declaration -Wimplicit-int -Wmisleading-indentation -Wpointer-arith -Wwrite-strings -Wimplicit-fallthrough=0 -Wmissing-noreturn -Wno-cast-function-type -Wno-constant-logical-operand -Wno-long-long -Wno-missing-field-initializers -Wno-overlength-strings -Wno-packed-bitfield-compat -Wno-parentheses-equality -Wno-self-assign -Wno-tautological-compare -Wno-unused-parameter -Wno-unused-value -Wsuggest-attribute=format -Wsuggest-attribute=noreturn -Wunused-variable -Wundef  -fPIC  conftest.c  -L. -L/opt/rbenv/versions/3.1.0/lib -Wl,-rpath,/opt/rbenv/versions/3.1.0/lib -L. -L/opt/rbenv/versions/3.1.0/lib  -fstack-protector-strong -rdynamic -Wl,-export-dynamic -Wl,--no-as-needed      -lssl -lcrypto -Wl,-rpath,/opt/rbenv/versions/3.1.0/lib -L/opt/rbenv/versions/3.1.0/lib -lruby  -lssl -lcrypto -lm  -lc"
conftest.c: 関数 ‘t’ 内:
conftest.c:14:57: エラー: ‘X509_STORE_up_ref’ が宣言されていません (この関数内での最初の使用)
 int t(void) { void ((*volatile p)()); p = (void ((*)()))X509_STORE_up_ref; return !p; }
                                                         ^~~~~~~~~~~~~~~~~
conftest.c:14:57: 備考: 未宣言の識別子は出現した各関数内で一回のみ報告されます
conftest.c: トップレベル:
cc1: 警告: 認識できないコマンドラインオプション ‘-Wno-self-assign’ です
cc1: 警告: 認識できないコマンドラインオプション ‘-Wno-parentheses-equality’ です
cc1: 警告: 認識できないコマンドラインオプション ‘-Wno-constant-logical-operand’ です
checked program was:
/* begin */
 1: #include "ruby.h"
 2: 
 3: /*top*/
 4: extern int t(void);
 5: int main(int argc, char **argv)
 6: {
 7:   if (argc > 1000000) {
 8:     int (* volatile tp)(void)=(int (*)(void))&t;
 9:     printf("%d", (*tp)());
10:   }
11: 
12:   return !!argv[argc];
13: }
14: int t(void) { void ((*volatile p)()); p = (void ((*)()))X509_STORE_up_ref; return !p; }
/* end */

LD_LIBRARY_PATH=.:/opt/rbenv/versions/3.1.0/lib "gcc -o conftest -I/opt/rbenv/versions/3.1.0/include/ruby-3.1.0/x86_64-linux -I/opt/rbenv/versions/3.1.0/include/ruby-3.1.0/ruby/backward -I/opt/rbenv/versions/3.1.0/include/ruby-3.1.0 -I.  -I/opt/rbenv/versions/3.1.0/include    -O3 -fno-fast-math -ggdb3 -Wall -Wextra -Wdeprecated-declarations -Wduplicated-cond -Wimplicit-function-declaration -Wimplicit-int -Wmisleading-indentation -Wpointer-arith -Wwrite-strings -Wimplicit-fallthrough=0 -Wmissing-noreturn -Wno-cast-function-type -Wno-constant-logical-operand -Wno-long-long -Wno-missing-field-initializers -Wno-overlength-strings -Wno-packed-bitfield-compat -Wno-parentheses-equality -Wno-self-assign -Wno-tautological-compare -Wno-unused-parameter -Wno-unused-value -Wsuggest-attribute=format -Wsuggest-attribute=noreturn -Wunused-variable -Wundef  -fPIC  conftest.c  -L. -L/opt/rbenv/versions/3.1.0/lib -Wl,-rpath,/opt/rbenv/versions/3.1.0/lib -L. -L/opt/rbenv/versions/3.1.0/lib  -fstack-protector-strong -rdynamic -Wl,-export-dynamic -Wl,--no-as-needed      -lssl -lcrypto -Wl,-rpath,/opt/rbenv/versions/3.1.0/lib -L/opt/rbenv/versions/3.1.0/lib -lruby  -lssl -lcrypto -lm  -lc"
checked program was:
/* begin */
 1: #include "ruby.h"
 2: 
 3: /*top*/
 4: extern int t(void);
 5: int main(int argc, char **argv)
 6: {
 7:   if (argc > 1000000) {
 8:     int (* volatile tp)(void)=(int (*)(void))&t;
 9:     printf("%d", (*tp)());
10:   }
11: 
12:   return !!argv[argc];
13: }
14: extern void X509_STORE_up_ref();
15: int t(void) { X509_STORE_up_ref(); return 0; }
/* end */

--------------------

have_func: checking for SSL_CTX_set_ecdh_auto(NULL, 0) in openssl/ssl.h... -------------------- yes

LD_LIBRARY_PATH=.:/opt/rbenv/versions/3.1.0/lib "gcc -o conftest -I/opt/rbenv/versions/3.1.0/include/ruby-3.1.0/x86_64-linux -I/opt/rbenv/versions/3.1.0/include/ruby-3.1.0/ruby/backward -I/opt/rbenv/versions/3.1.0/include/ruby-3.1.0 -I.  -I/opt/rbenv/versions/3.1.0/include    -O3 -fno-fast-math -ggdb3 -Wall -Wextra -Wdeprecated-declarations -Wduplicated-cond -Wimplicit-function-declaration -Wimplicit-int -Wmisleading-indentation -Wpointer-arith -Wwrite-strings -Wimplicit-fallthrough=0 -Wmissing-noreturn -Wno-cast-function-type -Wno-constant-logical-operand -Wno-long-long -Wno-missing-field-initializers -Wno-overlength-strings -Wno-packed-bitfield-compat -Wno-parentheses-equality -Wno-self-assign -Wno-tautological-compare -Wno-unused-parameter -Wno-unused-value -Wsuggest-attribute=format -Wsuggest-attribute=noreturn -Wunused-variable -Wundef  -fPIC  conftest.c  -L. -L/opt/rbenv/versions/3.1.0/lib -Wl,-rpath,/opt/rbenv/versions/3.1.0/lib -L. -L/opt/rbenv/versions/3.1.0/lib  -fstack-protector-strong -rdynamic -Wl,-export-dynamic -Wl,--no-as-needed      -lssl -lcrypto -Wl,-rpath,/opt/rbenv/versions/3.1.0/lib -L/opt/rbenv/versions/3.1.0/lib -lruby  -lssl -lcrypto -lm  -lc"
checked program was:
/* begin */
 1: #include "ruby.h"
 2: 
 3: #include <openssl/ssl.h>
 4: 
 5: /*top*/
 6: extern int t(void);
 7: int main(int argc, char **argv)
 8: {
 9:   if (argc > 1000000) {
10:     int (* volatile tp)(void)=(int (*)(void))&t;
11:     printf("%d", (*tp)());
12:   }
13: 
14:   return !!argv[argc];
15: }
16: 
17: int t(void) { SSL_CTX_set_ecdh_auto(NULL, 0); return 0; }
/* end */

--------------------

